Building DAG of jobs...
Creating report...
Missing metadata for file results/wgbs/qc/Ctrl_1_R1_raw_fastqc.html. Maybe metadata was deleted or it was created using an older version of Snakemake. This is a non critical warning.
Missing metadata for file results/wgbs/qc/Ctrl_1_R2_raw_fastqc.html. Maybe metadata was deleted or it was created using an older version of Snakemake. This is a non critical warning.
Missing metadata for file results/wgbs/qc/Ctrl_1_R1_raw_fastqc.zip. Maybe metadata was deleted or it was created using an older version of Snakemake. This is a non critical warning.
Missing metadata for file results/wgbs/qc/Ctrl_1_R2_raw_fastqc.zip. Maybe metadata was deleted or it was created using an older version of Snakemake. This is a non critical warning.
Missing metadata for file results/wgbs/qc/Tissue_1_R1_raw_fastqc.html. Maybe metadata was deleted or it was created using an older version of Snakemake. This is a non critical warning.
Missing metadata for file results/wgbs/qc/Tissue_1_R2_raw_fastqc.html. Maybe metadata was deleted or it was created using an older version of Snakemake. This is a non critical warning.
Missing metadata for file results/wgbs/qc/Tissue_1_R1_raw_fastqc.zip. Maybe metadata was deleted or it was created using an older version of Snakemake. This is a non critical warning.
Missing metadata for file results/wgbs/qc/Tissue_1_R2_raw_fastqc.zip. Maybe metadata was deleted or it was created using an older version of Snakemake. This is a non critical warning.
Missing metadata for file results/wgbs/qc_trimmed/Ctrl_1_R1_trimmed_fastqc.html. Maybe metadata was deleted or it was created using an older version of Snakemake. This is a non critical warning.
Missing metadata for file results/wgbs/qc_trimmed/Ctrl_1_R2_trimmed_fastqc.html. Maybe metadata was deleted or it was created using an older version of Snakemake. This is a non critical warning.
Missing metadata for file results/wgbs/qc_trimmed/Ctrl_1_R1_trimmed_fastqc.zip. Maybe metadata was deleted or it was created using an older version of Snakemake. This is a non critical warning.
Missing metadata for file results/wgbs/qc_trimmed/Ctrl_1_R2_trimmed_fastqc.zip. Maybe metadata was deleted or it was created using an older version of Snakemake. This is a non critical warning.
Missing metadata for file results/wgbs/trimmed_fastqs/Ctrl_1_R1.trimmed.fq.gz. Maybe metadata was deleted or it was created using an older version of Snakemake. This is a non critical warning.
Missing metadata for file results/wgbs/trimmed_fastqs/Ctrl_1_R2.trimmed.fq.gz. Maybe metadata was deleted or it was created using an older version of Snakemake. This is a non critical warning.
Missing metadata for file results/wgbs/trimmed_fastqs/Ctrl_1.fastp.html. Maybe metadata was deleted or it was created using an older version of Snakemake. This is a non critical warning.
Missing metadata for file results/wgbs/trimmed_fastqs/Ctrl_1.fastp.json. Maybe metadata was deleted or it was created using an older version of Snakemake. This is a non critical warning.
Missing metadata for file results/wgbs/qc_trimmed/Tissue_1_R1_trimmed_fastqc.html. Maybe metadata was deleted or it was created using an older version of Snakemake. This is a non critical warning.
Missing metadata for file results/wgbs/qc_trimmed/Tissue_1_R2_trimmed_fastqc.html. Maybe metadata was deleted or it was created using an older version of Snakemake. This is a non critical warning.
Missing metadata for file results/wgbs/qc_trimmed/Tissue_1_R1_trimmed_fastqc.zip. Maybe metadata was deleted or it was created using an older version of Snakemake. This is a non critical warning.
Missing metadata for file results/wgbs/qc_trimmed/Tissue_1_R2_trimmed_fastqc.zip. Maybe metadata was deleted or it was created using an older version of Snakemake. This is a non critical warning.
Missing metadata for file results/wgbs/trimmed_fastqs/Tissue_1_R1.trimmed.fq.gz. Maybe metadata was deleted or it was created using an older version of Snakemake. This is a non critical warning.
Missing metadata for file results/wgbs/trimmed_fastqs/Tissue_1_R2.trimmed.fq.gz. Maybe metadata was deleted or it was created using an older version of Snakemake. This is a non critical warning.
Missing metadata for file results/wgbs/trimmed_fastqs/Tissue_1.fastp.html. Maybe metadata was deleted or it was created using an older version of Snakemake. This is a non critical warning.
Missing metadata for file results/wgbs/trimmed_fastqs/Tissue_1.fastp.json. Maybe metadata was deleted or it was created using an older version of Snakemake. This is a non critical warning.
Missing metadata for file data/wgbs/dedup_bams/Ctrl_1_pe.deduplicated.bam. Maybe metadata was deleted or it was created using an older version of Snakemake. This is a non critical warning.
Missing metadata for file data/wgbs/dedup_bams/Ctrl_1_pe.deduplication_report.txt. Maybe metadata was deleted or it was created using an older version of Snakemake. This is a non critical warning.
Missing metadata for file data/wgbs/raw_bams/Ctrl_1_pe.bam. Maybe metadata was deleted or it was created using an older version of Snakemake. This is a non critical warning.
Missing metadata for file data/wgbs/raw_bams/Ctrl_1_pe_report.txt. Maybe metadata was deleted or it was created using an older version of Snakemake. This is a non critical warning.
Missing metadata for file ref/Bisulfite_Genome/bismark_index_created.OK. Maybe metadata was deleted or it was created using an older version of Snakemake. This is a non critical warning.
Missing metadata for file data/wgbs/dedup_bams/Tissue_1_pe.deduplicated.bam. Maybe metadata was deleted or it was created using an older version of Snakemake. This is a non critical warning.
Missing metadata for file data/wgbs/dedup_bams/Tissue_1_pe.deduplication_report.txt. Maybe metadata was deleted or it was created using an older version of Snakemake. This is a non critical warning.
Missing metadata for file data/wgbs/raw_bams/Tissue_1_pe.bam. Maybe metadata was deleted or it was created using an older version of Snakemake. This is a non critical warning.
Missing metadata for file data/wgbs/raw_bams/Tissue_1_pe_report.txt. Maybe metadata was deleted or it was created using an older version of Snakemake. This is a non critical warning.
Missing metadata for file results/wgbs/dedup_bam_qc/Ctrl_1.dedup.stats.txt. Maybe metadata was deleted or it was created using an older version of Snakemake. This is a non critical warning.
Missing metadata for file results/wgbs/dedup_bam_qc/Tissue_1.dedup.stats.txt. Maybe metadata was deleted or it was created using an older version of Snakemake. This is a non critical warning.
Missing metadata for file results/wgbs/dedup_bam_qc/Ctrl_1.dedup.flagstat.txt. Maybe metadata was deleted or it was created using an older version of Snakemake. This is a non critical warning.
Missing metadata for file results/wgbs/dedup_bam_qc/Tissue_1.dedup.flagstat.txt. Maybe metadata was deleted or it was created using an older version of Snakemake. This is a non critical warning.
Missing metadata for file results/wgbs/dedup_bam_qc/Ctrl_1.dedup.alignment_summary_metrics.txt. Maybe metadata was deleted or it was created using an older version of Snakemake. This is a non critical warning.
Missing metadata for file results/wgbs/dedup_bam_qc/Tissue_1.dedup.alignment_summary_metrics.txt. Maybe metadata was deleted or it was created using an older version of Snakemake. This is a non critical warning.
Missing metadata for file results/wgbs/filtered_bam_qc/Ctrl_1.filtered.stats.txt. Maybe metadata was deleted or it was created using an older version of Snakemake. This is a non critical warning.
Missing metadata for file data/wgbs/sorted_filtered_bams/Ctrl_1_pe.filtered.sorted.bam. Maybe metadata was deleted or it was created using an older version of Snakemake. This is a non critical warning.
Missing metadata for file data/wgbs/filtered_bams/Ctrl_1_pe.filtered.bam. Maybe metadata was deleted or it was created using an older version of Snakemake. This is a non critical warning.
Missing metadata for file results/wgbs/filtered_bam_qc/Tissue_1.filtered.stats.txt. Maybe metadata was deleted or it was created using an older version of Snakemake. This is a non critical warning.
Missing metadata for file data/wgbs/sorted_filtered_bams/Tissue_1_pe.filtered.sorted.bam. Maybe metadata was deleted or it was created using an older version of Snakemake. This is a non critical warning.
Missing metadata for file data/wgbs/filtered_bams/Tissue_1_pe.filtered.bam. Maybe metadata was deleted or it was created using an older version of Snakemake. This is a non critical warning.
Missing metadata for file results/wgbs/filtered_bam_qc/Ctrl_1.filtered.flagstat.txt. Maybe metadata was deleted or it was created using an older version of Snakemake. This is a non critical warning.
Missing metadata for file results/wgbs/filtered_bam_qc/Tissue_1.filtered.flagstat.txt. Maybe metadata was deleted or it was created using an older version of Snakemake. This is a non critical warning.
Missing metadata for file results/wgbs/filtered_bam_qc/Ctrl_1.filtered.alignment_summary_metrics.txt. Maybe metadata was deleted or it was created using an older version of Snakemake. This is a non critical warning.
Missing metadata for file results/wgbs/filtered_bam_qc/Tissue_1.filtered.alignment_summary_metrics.txt. Maybe metadata was deleted or it was created using an older version of Snakemake. This is a non critical warning.
Report created.
